# JRE version: Java(TM) SE Runtime Environment (14.0.1+7) (build 14.0.1+7)
# Java VM: Java HotSpot(TM) 64-Bit Server VM (14.0.1+7, mixed mode, sharing, tiered, compressed oops, g1 gc, linux-amd64)
Heap:
 garbage-first heap   total 58368K, used 14282K [0x0000000706000000, 0x0000000800000000)
  region size 1024K, 11 young (11264K), 9 survivors (9216K)
 Metaspace       used 20114K, capacity 21100K, committed 21504K, reserved 1067008K
  class space    used 2798K, capacity 3211K, committed 3328K, reserved 1048576K
GC Heap History (6 events):
Event: 0.512 GC heap before
{Heap before GC invocations=0 (full 0):
 garbage-first heap   total 258048K, used 14148K [0x0000000706000000, 0x0000000800000000)
  region size 1024K, 13 young (13312K), 0 survivors (0K)
 Metaspace       used 3360K, capacity 6152K, committed 6400K, reserved 1056768K
  class space    used 394K, capacity 694K, committed 768K, reserved 1048576K
}
Event: 0.521 GC heap after
{Heap after GC invocations=1 (full 0):
 garbage-first heap   total 258048K, used 2788K [0x0000000706000000, 0x0000000800000000)
  region size 1024K, 2 young (2048K), 2 survivors (2048K)
 Metaspace       used 3360K, capacity 6152K, committed 6400K, reserved 1056768K
  class space    used 394K, capacity 694K, committed 768K, reserved 1048576K
}
Event: 1.070 GC heap before
{Heap before GC invocations=1 (full 0):
 garbage-first heap   total 258048K, used 24292K [0x0000000706000000, 0x0000000800000000)
  region size 1024K, 24 young (24576K), 2 survivors (2048K)
 Metaspace       used 10170K, capacity 11361K, committed 11648K, reserved 1058816K
  class space    used 1357K, capacity 1550K, committed 1664K, reserved 1048576K
}
Event: 1.083 GC heap after
{Heap after GC invocations=2 (full 0):
 garbage-first heap   total 258048K, used 6026K [0x0000000706000000, 0x0000000800000000)
  region size 1024K, 3 young (3072K), 3 survivors (3072K)
 Metaspace       used 10170K, capacity 11361K, committed 11648K, reserved 1058816K
  class space    used 1357K, capacity 1550K, committed 1664K, reserved 1048576K
}
Event: 19.961 GC heap before
{Heap before GC invocations=2 (full 0):
 garbage-first heap   total 258048K, used 56202K [0x0000000706000000, 0x0000000800000000)
  region size 1024K, 51 young (52224K), 3 survivors (3072K)
 Metaspace       used 20067K, capacity 21033K, committed 21248K, reserved 1067008K
  class space    used 2798K, capacity 3211K, committed 3328K, reserved 1048576K
}
Event: 19.969 GC heap after
{Heap after GC invocations=3 (full 0):
 garbage-first heap   total 258048K, used 13258K [0x0000000706000000, 0x0000000800000000)
  region size 1024K, 9 young (9216K), 9 survivors (9216K)
 Metaspace       used 20067K, capacity 21033K, committed 21248K, reserved 1067008K
  class space    used 2798K, capacity 3211K, committed 3328K, reserved 1048576K
}

